  Data.cpp
C:\Users\ADMIN\source\repos\Hệ Thống Quản Lý Học Sinh\Hệ Thống Quản Lý Học Sinh\Data.cpp(7,18): error C2365: 'tanh': redefinition; previous definition was 'function'
  Hệ Thống Quản Lý Học Sinh.cpp
C:\Users\ADMIN\source\repos\Hệ Thống Quản Lý Học Sinh\Hệ Thống Quản Lý Học Sinh\Data.cpp(7,18): error C2365: 'tanh': redefinition; previous definition was 'function'
  (compiling source file 'Hệ Thống Quản Lý Học Sinh.cpp')
  
C:\Users\ADMIN\source\repos\Hệ Thống Quản Lý Học Sinh\Hệ Thống Quản Lý Học Sinh\Hệ Thống Quản Lý Học Sinh.cpp(32,2): error C2679: binary '>>': no operator found which takes a right-hand operand of type 'overloaded-function' (or there is no acceptable conversion)
  C:\Program Files\Microsoft Visual Studio\2022\Community\VC\Tools\MSVC\14.38.33130\include\istream(296,39):
  could be 'std::basic_istream<char,std::char_traits<char>> &std::basic_istream<char,std::char_traits<char>>::operator >>(std::basic_streambuf<char,std::char_traits<char>> *)'
  C:\Program Files\Microsoft Visual Studio\2022\Community\VC\Tools\MSVC\14.38.33130\include\istream(292,39):
  or       'std::basic_istream<char,std::char_traits<char>> &std::basic_istream<char,std::char_traits<char>>::operator >>(void *&)'
  C:\Program Files\Microsoft Visual Studio\2022\Community\VC\Tools\MSVC\14.38.33130\include\istream(288,39):
  or       'std::basic_istream<char,std::char_traits<char>> &std::basic_istream<char,std::char_traits<char>>::operator >>(long double &)'
  C:\Program Files\Microsoft Visual Studio\2022\Community\VC\Tools\MSVC\14.38.33130\include\istream(284,39):
  or       'std::basic_istream<char,std::char_traits<char>> &std::basic_istream<char,std::char_traits<char>>::operator >>(double &)'
  C:\Program Files\Microsoft Visual Studio\2022\Community\VC\Tools\MSVC\14.38.33130\include\istream(280,39):
  or       'std::basic_istream<char,std::char_traits<char>> &std::basic_istream<char,std::char_traits<char>>::operator >>(float &)'
  C:\Program Files\Microsoft Visual Studio\2022\Community\VC\Tools\MSVC\14.38.33130\include\istream(276,39):
  or       'std::basic_istream<char,std::char_traits<char>> &std::basic_istream<char,std::char_traits<char>>::operator >>(unsigned __int64 &)'
  C:\Program Files\Microsoft Visual Studio\2022\Community\VC\Tools\MSVC\14.38.33130\include\istream(272,39):
  or       'std::basic_istream<char,std::char_traits<char>> &std::basic_istream<char,std::char_traits<char>>::operator >>(__int64 &)'
  C:\Program Files\Microsoft Visual Studio\2022\Community\VC\Tools\MSVC\14.38.33130\include\istream(268,39):
  or       'std::basic_istream<char,std::char_traits<char>> &std::basic_istream<char,std::char_traits<char>>::operator >>(unsigned long &)'
  C:\Program Files\Microsoft Visual Studio\2022\Community\VC\Tools\MSVC\14.38.33130\include\istream(264,39):
  or       'std::basic_istream<char,std::char_traits<char>> &std::basic_istream<char,std::char_traits<char>>::operator >>(long &)'
  C:\Program Files\Microsoft Visual Studio\2022\Community\VC\Tools\MSVC\14.38.33130\include\istream(260,39):
  or       'std::basic_istream<char,std::char_traits<char>> &std::basic_istream<char,std::char_traits<char>>::operator >>(unsigned int &)'
  C:\Program Files\Microsoft Visual Studio\2022\Community\VC\Tools\MSVC\14.38.33130\include\istream(252,39):
  or       'std::basic_istream<char,std::char_traits<char>> &std::basic_istream<char,std::char_traits<char>>::operator >>(int &)'
  C:\Program Files\Microsoft Visual Studio\2022\Community\VC\Tools\MSVC\14.38.33130\include\istream(248,39):
  or       'std::basic_istream<char,std::char_traits<char>> &std::basic_istream<char,std::char_traits<char>>::operator >>(unsigned short &)'
  C:\Program Files\Microsoft Visual Studio\2022\Community\VC\Tools\MSVC\14.38.33130\include\istream(216,39):
  or       'std::basic_istream<char,std::char_traits<char>> &std::basic_istream<char,std::char_traits<char>>::operator >>(short &)'
  C:\Program Files\Microsoft Visual Studio\2022\Community\VC\Tools\MSVC\14.38.33130\include\istream(212,39):
  or       'std::basic_istream<char,std::char_traits<char>> &std::basic_istream<char,std::char_traits<char>>::operator >>(bool &)'
  C:\Program Files\Microsoft Visual Studio\2022\Community\VC\Tools\MSVC\14.38.33130\include\istream(183,39):
  or       'std::basic_istream<char,std::char_traits<char>> &std::basic_istream<char,std::char_traits<char>>::operator >>(std::ios_base &(__cdecl *)(std::ios_base &))'
  C:\Program Files\Microsoft Visual Studio\2022\Community\VC\Tools\MSVC\14.38.33130\include\istream(178,39):
  or       'std::basic_istream<char,std::char_traits<char>> &std::basic_istream<char,std::char_traits<char>>::operator >>(std::basic_ios<char,std::char_traits<char>> &(__cdecl *)(std::basic_ios<char,std::char_traits<char>> &))'
  C:\Program Files\Microsoft Visual Studio\2022\Community\VC\Tools\MSVC\14.38.33130\include\istream(173,39):
  or       'std::basic_istream<char,std::char_traits<char>> &std::basic_istream<char,std::char_traits<char>>::operator >>(std::basic_istream<char,std::char_traits<char>> &(__cdecl *)(std::basic_istream<char,std::char_traits<char>> &))'
  C:\Program Files\Microsoft Visual Studio\2022\Community\VC\Tools\MSVC\14.38.33130\include\istream(858,32):
  or       'std::basic_istream<char,std::char_traits<char>> &std::operator >><char,std::char_traits<char>>(std::basic_istream<char,std::char_traits<char>> &,_Elem &)'
          with
          [
              _Elem=char
          ]
  C:\Program Files\Microsoft Visual Studio\2022\Community\VC\Tools\MSVC\14.38.33130\include\istream(842,32):
  or       'std::basic_istream<char,std::char_traits<char>> &std::operator >><char,std::char_traits<char>>(std::basic_istream<char,std::char_traits<char>> &,_Elem *)'
          with
          [
              _Elem=char
          ]
  C:\Program Files\Microsoft Visual Studio\2022\Community\VC\Tools\MSVC\14.38.33130\include\istream(900,9):
  or       '_Istr &&std::operator >>(_Istr &&,_Ty &&)'
  	C:\Users\ADMIN\source\repos\Hệ Thống Quản Lý Học Sinh\Hệ Thống Quản Lý Học Sinh\Hệ Thống Quản Lý Học Sinh.cpp(32,2):
  	'_Istr &&std::operator >>(_Istr &&,_Ty &&)': could not deduce template argument for '_Ty'
  C:\Program Files\Microsoft Visual Studio\2022\Community\VC\Tools\MSVC\14.38.33130\include\istream(887,31):
  or       'std::basic_istream<char,_Traits> &std::operator >>(std::basic_istream<char,_Traits> &,unsigned char &)'
  	C:\Users\ADMIN\source\repos\Hệ Thống Quản Lý Học Sinh\Hệ Thống Quản Lý Học Sinh\Hệ Thống Quản Lý Học Sinh.cpp(32,9):
  	'initializing': cannot convert from 'overloaded-function' to 'unsigned char &'
  C:\Program Files\Microsoft Visual Studio\2022\Community\VC\Tools\MSVC\14.38.33130\include\istream(881,31):
  or       'std::basic_istream<char,_Traits> &std::operator >>(std::basic_istream<char,_Traits> &,signed char &)'
  	C:\Users\ADMIN\source\repos\Hệ Thống Quản Lý Học Sinh\Hệ Thống Quản Lý Học Sinh\Hệ Thống Quản Lý Học Sinh.cpp(32,9):
  	'initializing': cannot convert from 'overloaded-function' to 'signed char &'
  C:\Program Files\Microsoft Visual Studio\2022\Community\VC\Tools\MSVC\14.38.33130\include\istream(852,31):
  or       'std::basic_istream<char,_Traits> &std::operator >>(std::basic_istream<char,_Traits> &,unsigned char *)'
  	C:\Users\ADMIN\source\repos\Hệ Thống Quản Lý Học Sinh\Hệ Thống Quản Lý Học Sinh\Hệ Thống Quản Lý Học Sinh.cpp(32,9):
  	'initializing': cannot convert from 'overloaded-function' to 'unsigned char *'
  		C:\Users\ADMIN\source\repos\Hệ Thống Quản Lý Học Sinh\Hệ Thống Quản Lý Học Sinh\Hệ Thống Quản Lý Học Sinh.cpp(32,9):
  		Context does not allow for disambiguation of overloaded function
  C:\Program Files\Microsoft Visual Studio\2022\Community\VC\Tools\MSVC\14.38.33130\include\istream(847,31):
  or       'std::basic_istream<char,_Traits> &std::operator >>(std::basic_istream<char,_Traits> &,signed char *)'
  	C:\Users\ADMIN\source\repos\Hệ Thống Quản Lý Học Sinh\Hệ Thống Quản Lý Học Sinh\Hệ Thống Quản Lý Học Sinh.cpp(32,9):
  	'initializing': cannot convert from 'overloaded-function' to 'signed char *'
  		C:\Users\ADMIN\source\repos\Hệ Thống Quản Lý Học Sinh\Hệ Thống Quản Lý Học Sinh\Hệ Thống Quản Lý Học Sinh.cpp(32,9):
  		Context does not allow for disambiguation of overloaded function
  C:\Program Files\Microsoft Visual Studio\2022\Community\VC\Tools\MSVC\14.38.33130\include\xstring(5144,32):
  or       'std::basic_istream<_Elem,_Traits> &std::operator >>(std::basic_istream<_Elem,_Traits> &,std::basic_string<_Elem,_Traits,_Alloc> &)'
  	C:\Users\ADMIN\source\repos\Hệ Thống Quản Lý Học Sinh\Hệ Thống Quản Lý Học Sinh\Hệ Thống Quản Lý Học Sinh.cpp(32,2):
  	'std::basic_istream<_Elem,_Traits> &std::operator >>(std::basic_istream<_Elem,_Traits> &,std::basic_string<_Elem,_Traits,_Alloc> &)': could not deduce template argument for '_Alloc'
  C:\Users\ADMIN\source\repos\Hệ Thống Quản Lý Học Sinh\Hệ Thống Quản Lý Học Sinh\Hệ Thống Quản Lý Học Sinh.cpp(32,2):
  while trying to match the argument list '(std::istream, overloaded-function)'
  
C:\Users\ADMIN\source\repos\Hệ Thống Quản Lý Học Sinh\Hệ Thống Quản Lý Học Sinh\Hệ Thống Quản Lý Học Sinh.cpp(46,13): error C2665: 'HocSinh::HocSinh': no overloaded function could convert all the argument types
  C:\Users\ADMIN\source\repos\Hệ Thống Quản Lý Học Sinh\Hệ Thống Quản Lý Học Sinh\Data.cpp(15,2):
  could be 'HocSinh::HocSinh(std::string,std::string,int,double,double,double,double,double)'
  	C:\Users\ADMIN\source\repos\Hệ Thống Quản Lý Học Sinh\Hệ Thống Quản Lý Học Sinh\Hệ Thống Quản Lý Học Sinh.cpp(46,13):
  	'HocSinh::HocSinh(std::string,std::string,int,double,double,double,double,double)': cannot convert argument 8 from 'overloaded-function' to 'double'
  		C:\Users\ADMIN\source\repos\Hệ Thống Quản Lý Học Sinh\Hệ Thống Quản Lý Học Sinh\Hệ Thống Quản Lý Học Sinh.cpp(46,51):
  		Context does not allow for disambiguation of overloaded function
  C:\Users\ADMIN\source\repos\Hệ Thống Quản Lý Học Sinh\Hệ Thống Quản Lý Học Sinh\Hệ Thống Quản Lý Học Sinh.cpp(46,13):
  while trying to match the argument list '(std::string, std::string, int, double, double, double, double, overloaded-function)'
  
  Generating Code...
